<?xml version="1.0" encoding="UTF-8"?>
<testng-results ignored="0" total="1" passed="1" failed="0" skipped="0">
  <reporter-output>
  </reporter-output>
  <suite started-at="2022-12-08T11:19:11 IST" name="Default suite" finished-at="2022-12-08T11:19:12 IST" duration-ms="1213">
    <groups>
    </groups>
    <test started-at="2022-12-08T11:19:11 IST" name="Default test" finished-at="2022-12-08T11:19:12 IST" duration-ms="1213">
      <class name="requests.TC_003_GetRequest">
        <test-method signature="postRequest()[pri:0, instance:requests.TC_003_GetRequest@2a54a73f]" started-at="2022-12-08T11:19:11 IST" name="postRequest" finished-at="2022-12-08T11:19:12 IST" duration-ms="1176" status="PASS">
          <reporter-output>
          </reporter-output>
        </test-method> <!-- postRequest -->
      </class> <!-- requests.TC_003_GetRequest -->
    </test> <!-- Default test -->
  </suite> <!-- Default suite -->
</testng-results>
